\BOOKMARK [0][-]{chapter.1}{Einleitung}{}% 1
\BOOKMARK [0][-]{chapter.2}{Technologie}{}% 2
\BOOKMARK [1][-]{section.2.1}{AngularJS}{chapter.2}% 3
\BOOKMARK [1][-]{section.2.2}{Firebase}{chapter.2}% 4
\BOOKMARK [1][-]{section.2.3}{AngularJS Material Design}{chapter.2}% 5
\BOOKMARK [1][-]{section.2.4}{Grunt}{chapter.2}% 6
\BOOKMARK [1][-]{section.2.5}{NPM}{chapter.2}% 7
\BOOKMARK [1][-]{section.2.6}{Bower}{chapter.2}% 8
\BOOKMARK [1][-]{section.2.7}{SASS}{chapter.2}% 9
\BOOKMARK [1][-]{section.2.8}{Compass}{chapter.2}% 10
\BOOKMARK [0][-]{chapter.3}{Projekt}{}% 11
\BOOKMARK [1][-]{section.3.1}{Zielsetzung}{chapter.3}% 12
\BOOKMARK [1][-]{section.3.2}{Umsetzung}{chapter.3}% 13
\BOOKMARK [2][-]{subsection.3.2.1}{Backend}{section.3.2}% 14
\BOOKMARK [2][-]{subsection.3.2.2}{Frontend}{section.3.2}% 15
\BOOKMARK [2][-]{subsection.3.2.3}{Funktionen}{section.3.2}% 16
\BOOKMARK [0][-]{chapter.4}{Aufbau Projekt}{}% 17
\BOOKMARK [1][-]{section.4.1}{Frontend}{chapter.4}% 18
\BOOKMARK [1][-]{section.4.2}{Backend}{chapter.4}% 19
\BOOKMARK [0][-]{chapter.5}{Fazit}{}% 20
